2019-05-08T01:02:09.475715Z 0 [Warning] TIMESTAMP with implicit DEFAULT value is deprecated. Please use --explicit_defaults_for_timestamp server option (see documentation for more details).
2019-05-08T01:02:09.751931Z 0 [Warning] InnoDB: New log files created, LSN=45790
2019-05-08T01:02:09.921643Z 0 [Warning] InnoDB: Creating foreign key constraint system tables.
2019-05-08T01:02:09.930395Z 0 [Warning] No existing UUID has been found, so we assume that this is the first time that this server has been started. Generating a new UUID: e82d7581-712c-11e9-87cc-0242ac120002.
2019-05-08T01:02:09.932309Z 0 [Warning] Gtid table is not ready to be used. Table 'mysql.gtid_executed' cannot be opened.
2019-05-08T01:02:09.932849Z 1 [Warning] root@localhost is created with an empty password ! Please consider switching off the --initialize-insecure option.
2019-05-08T01:02:13.051755Z 0 [Warning] TIMESTAMP with implicit DEFAULT value is deprecated. Please use --explicit_defaults_for_timestamp server option (see documentation for more details).
2019-05-08T01:02:13.053511Z 0 [Note] mysqld (mysqld 5.7.26) starting as process 505 ...
2019-05-08T01:02:13.056818Z 0 [Note] InnoDB: PUNCH HOLE support available
2019-05-08T01:02:13.056840Z 0 [Note] InnoDB: Mutexes and rw_locks use GCC atomic builtins
2019-05-08T01:02:13.056847Z 0 [Note] InnoDB: Uses event mutexes
2019-05-08T01:02:13.056853Z 0 [Note] InnoDB: GCC builtin __atomic_thread_fence() is used for memory barrier
2019-05-08T01:02:13.056859Z 0 [Note] InnoDB: Compressed tables use zlib 1.2.11
2019-05-08T01:02:13.056865Z 0 [Note] InnoDB: Using Linux native AIO
2019-05-08T01:02:13.057098Z 0 [Note] InnoDB: Number of pools: 1
2019-05-08T01:02:13.057210Z 0 [Note] InnoDB: Using CPU crc32 instructions
2019-05-08T01:02:13.058920Z 0 [Note] InnoDB: Initializing buffer pool, total size = 128M, instances = 1, chunk size = 128M
2019-05-08T01:02:13.066992Z 0 [Note] InnoDB: Completed initialization of buffer pool
2019-05-08T01:02:13.069269Z 0 [Note] InnoDB: If the mysqld execution user is authorized, page cleaner thread priority can be changed. See the man page of setpriority().
2019-05-08T01:02:13.081125Z 0 [Note] InnoDB: Highest supported file format is Barracuda.
2019-05-08T01:02:13.091123Z 0 [Note] InnoDB: Creating shared tablespace for temporary tables
2019-05-08T01:02:13.091176Z 0 [Note] InnoDB: Setting file './ibtmp1' size to 12 MB. Physically writing the file full; Please wait ...
2019-05-08T01:02:13.109653Z 0 [Note] InnoDB: File './ibtmp1' size is now 12 MB.
2019-05-08T01:02:13.110400Z 0 [Note] InnoDB: 96 redo rollback segment(s) found. 96 redo rollback segment(s) are active.
2019-05-08T01:02:13.110411Z 0 [Note] InnoDB: 32 non-redo rollback segment(s) are active.
2019-05-08T01:02:13.110961Z 0 [Note] InnoDB: 5.7.26 started; log sequence number 2524985
2019-05-08T01:02:13.111120Z 0 [Note] InnoDB: Loading buffer pool(s) from /var/lib/mysql/ib_buffer_pool
2019-05-08T01:02:13.111308Z 0 [Note] Plugin 'FEDERATED' is disabled.
2019-05-08T01:02:13.112781Z 0 [Note] InnoDB: Buffer pool(s) load completed at 190508  1:02:13
2019-05-08T01:02:13.116214Z 0 [Warning] Failed to set up SSL because of the following SSL library error: SSL context is not usable without certificate and private key
2019-05-08T01:02:13.116370Z 0 [Note] Server hostname (bind-address): '127.0.0.1'; port: 3306
2019-05-08T01:02:13.116392Z 0 [Note]   - '127.0.0.1' resolves to '127.0.0.1';
2019-05-08T01:02:13.116416Z 0 [Note] Server socket created on IP: '127.0.0.1'.
2019-05-08T01:02:13.118534Z 0 [Warning] Insecure configuration for --pid-file: Location '/tmp' in the path is accessible to all OS users. Consider choosing a different directory.
2019-05-08T01:02:13.127096Z 0 [Note] Event Scheduler: Loaded 0 events
2019-05-08T01:02:13.127220Z 0 [Note] Execution of init_file '/var/lib/mysql-files/hcANA7oF2a' started.
2019-05-08T01:02:13.130373Z 0 [Note] Execution of init_file '/var/lib/mysql-files/hcANA7oF2a' ended.
2019-05-08T01:02:13.130462Z 0 [Note] mysqld: ready for connections.
Version: '5.7.26'  socket: '/tmp/tmp.Rb7BBqn1ev/mysqld.sock'  port: 3306  MySQL Community Server (GPL)
2019-05-08T01:02:13.130750Z 0 [Note] Giving 0 client threads a chance to die gracefully
2019-05-08T01:02:13.130768Z 0 [Note] Shutting down slave threads
2019-05-08T01:02:13.130774Z 0 [Note] Forcefully disconnecting 0 remaining clients
2019-05-08T01:02:13.130780Z 0 [Note] Event Scheduler: Purging the queue. 0 events
2019-05-08T01:02:13.130828Z 0 [Note] Binlog end
2019-05-08T01:02:13.131109Z 0 [Note] Shutting down plugin 'auth_socket'
2019-05-08T01:02:13.131118Z 0 [Note] Shutting down plugin 'ngram'
2019-05-08T01:02:13.131123Z 0 [Note] Shutting down plugin 'partition'
2019-05-08T01:02:13.131128Z 0 [Note] Shutting down plugin 'BLACKHOLE'
2019-05-08T01:02:13.131133Z 0 [Note] Shutting down plugin 'ARCHIVE'
2019-05-08T01:02:13.131138Z 0 [Note] Shutting down plugin 'PERFORMANCE_SCHEMA'
2019-05-08T01:02:13.131155Z 0 [Note] Shutting down plugin 'MRG_MYISAM'
2019-05-08T01:02:13.131161Z 0 [Note] Shutting down plugin 'MyISAM'
2019-05-08T01:02:13.131169Z 0 [Note] Shutting down plugin 'INNODB_SYS_VIRTUAL'
2019-05-08T01:02:13.131174Z 0 [Note] Shutting down plugin 'INNODB_SYS_DATAFILES'
2019-05-08T01:02:13.131180Z 0 [Note] Shutting down plugin 'INNODB_SYS_TABLESPACES'
2019-05-08T01:02:13.131184Z 0 [Note] Shutting down plugin 'INNODB_SYS_FOREIGN_COLS'
2019-05-08T01:02:13.131189Z 0 [Note] Shutting down plugin 'INNODB_SYS_FOREIGN'
2019-05-08T01:02:13.131194Z 0 [Note] Shutting down plugin 'INNODB_SYS_FIELDS'
2019-05-08T01:02:13.131199Z 0 [Note] Shutting down plugin 'INNODB_SYS_COLUMNS'
2019-05-08T01:02:13.131204Z 0 [Note] Shutting down plugin 'INNODB_SYS_INDEXES'
2019-05-08T01:02:13.131208Z 0 [Note] Shutting down plugin 'INNODB_SYS_TABLESTATS'
2019-05-08T01:02:13.131213Z 0 [Note] Shutting down plugin 'INNODB_SYS_TABLES'
2019-05-08T01:02:13.131218Z 0 [Note] Shutting down plugin 'INNODB_FT_INDEX_TABLE'
2019-05-08T01:02:13.131223Z 0 [Note] Shutting down plugin 'INNODB_FT_INDEX_CACHE'
2019-05-08T01:02:13.131227Z 0 [Note] Shutting down plugin 'INNODB_FT_CONFIG'
2019-05-08T01:02:13.131232Z 0 [Note] Shutting down plugin 'INNODB_FT_BEING_DELETED'
2019-05-08T01:02:13.131237Z 0 [Note] Shutting down plugin 'INNODB_FT_DELETED'
2019-05-08T01:02:13.131242Z 0 [Note] Shutting down plugin 'INNODB_FT_DEFAULT_STOPWORD'
2019-05-08T01:02:13.131246Z 0 [Note] Shutting down plugin 'INNODB_METRICS'
2019-05-08T01:02:13.131251Z 0 [Note] Shutting down plugin 'INNODB_TEMP_TABLE_INFO'
2019-05-08T01:02:13.131256Z 0 [Note] Shutting down plugin 'INNODB_BUFFER_POOL_STATS'
2019-05-08T01:02:13.131261Z 0 [Note] Shutting down plugin 'INNODB_BUFFER_PAGE_LRU'
2019-05-08T01:02:13.131265Z 0 [Note] Shutting down plugin 'INNODB_BUFFER_PAGE'
2019-05-08T01:02:13.131270Z 0 [Note] Shutting down plugin 'INNODB_CMP_PER_INDEX_RESET'
2019-05-08T01:02:13.131275Z 0 [Note] Shutting down plugin 'INNODB_CMP_PER_INDEX'
2019-05-08T01:02:13.131280Z 0 [Note] Shutting down plugin 'INNODB_CMPMEM_RESET'
2019-05-08T01:02:13.131284Z 0 [Note] Shutting down plugin 'INNODB_CMPMEM'
2019-05-08T01:02:13.131289Z 0 [Note] Shutting down plugin 'INNODB_CMP_RESET'
2019-05-08T01:02:13.131294Z 0 [Note] Shutting down plugin 'INNODB_CMP'
2019-05-08T01:02:13.131299Z 0 [Note] Shutting down plugin 'INNODB_LOCK_WAITS'
2019-05-08T01:02:13.131303Z 0 [Note] Shutting down plugin 'INNODB_LOCKS'
2019-05-08T01:02:13.131308Z 0 [Note] Shutting down plugin 'INNODB_TRX'
2019-05-08T01:02:13.131313Z 0 [Note] Shutting down plugin 'InnoDB'
2019-05-08T01:02:13.131362Z 0 [Note] InnoDB: FTS optimize thread exiting.
2019-05-08T01:02:13.131476Z 0 [Note] InnoDB: Starting shutdown...
2019-05-08T01:02:13.231674Z 0 [Note] InnoDB: Dumping buffer pool(s) to /var/lib/mysql/ib_buffer_pool
2019-05-08T01:02:13.231922Z 0 [Note] InnoDB: Buffer pool(s) dump completed at 190508  1:02:13
2019-05-08T01:02:14.945577Z 0 [Note] InnoDB: Shutdown completed; log sequence number 2525206
2019-05-08T01:02:14.947357Z 0 [Note] InnoDB: Removed temporary tablespace data file: "ibtmp1"
2019-05-08T01:02:14.947371Z 0 [Note] Shutting down plugin 'MEMORY'
2019-05-08T01:02:14.947378Z 0 [Note] Shutting down plugin 'CSV'
2019-05-08T01:02:14.947385Z 0 [Note] Shutting down plugin 'sha256_password'
2019-05-08T01:02:14.947399Z 0 [Note] Shutting down plugin 'mysql_native_password'
2019-05-08T01:02:14.947568Z 0 [Note] Shutting down plugin 'binlog'
2019-05-08T01:02:14.948647Z 0 [Note] mysqld: Shutdown complete

